;  LST file generated by mikroListExporter - v.2.0 
; Date/Time: 10/03/2015 06:09:46 ã
;----------------------------------------------

;Address Opcode 	ASM
0x0000	0xF001EFC6  	GOTO        908
0x0004	0x0000      	NOP
0x0006	0x0000      	NOP
0x0008	0xF000EF00  	GOTO        0
0x000C	0x0000      	NOP
0x000E	0x0000      	NOP
0x0010	0x0000      	NOP
0x0012	0x0000      	NOP
0x0014	0x0000      	NOP
0x0016	0x0000      	NOP
0x0018	0xD7F3      	BRA         0
_Delay_5500us:
;__Lib_Delays.c,31 :: 		void Delay_5500us() {
;__Lib_Delays.c,32 :: 		Delay_us(5500);
0x001C	0x0E08      	MOVLW       8
0x001E	0x6E0C      	MOVWF       R12, 0
0x0020	0x0E23      	MOVLW       35
0x0022	0x6E0D      	MOVWF       R13, 0
L_Delay_5500us5:
0x0024	0x2E0D      	DECFSZ      R13, 1, 0
0x0026	0xD7FE      	BRA         L_Delay_5500us5
0x0028	0x2E0C      	DECFSZ      R12, 1, 0
0x002A	0xD7FC      	BRA         L_Delay_5500us5
;__Lib_Delays.c,33 :: 		}
L_end_Delay_5500us:
0x002C	0x0012      	RETURN      0
; end of _Delay_5500us
_Delay_1us:
;__Lib_Delays.c,7 :: 		void Delay_1us() {
;__Lib_Delays.c,8 :: 		Delay_us(1);
0x002E	0x0000      	NOP
;__Lib_Delays.c,9 :: 		}
L_end_Delay_1us:
0x0030	0x0012      	RETURN      0
; end of _Delay_1us
_Delay_50us:
;__Lib_Delays.c,19 :: 		void Delay_50us() {
;__Lib_Delays.c,20 :: 		Delay_us(50);
0x0032	0x0E10      	MOVLW       16
0x0034	0x6E0D      	MOVWF       R13, 0
L_Delay_50us2:
0x0036	0x2E0D      	DECFSZ      R13, 1, 0
0x0038	0xD7FE      	BRA         L_Delay_50us2
0x003A	0x0000      	NOP
;__Lib_Delays.c,21 :: 		}
L_end_Delay_50us:
0x003C	0x0012      	RETURN      0
; end of _Delay_50us
_I2C1_Is_Idle:
;__Lib_I2C_c34.c,29 :: 		
;__Lib_I2C_c34.c,30 :: 		
0x003E	0xB4C7      	BTFSC       SSPSTAT, 2 
0x0040	0xD009      	BRA         L_I2C1_Is_Idle0
;__Lib_I2C_c34.c,31 :: 		
0x0042	0x0E1F      	MOVLW       31
0x0044	0x14C5      	ANDWF       SSPCON2, 0 
0x0046	0x6E01      	MOVWF       R1 
0x0048	0x5001      	MOVF        R1, 0 
0x004A	0x0A00      	XORLW       0
0x004C	0xE103      	BNZ         L_I2C1_Is_Idle1
;__Lib_I2C_c34.c,32 :: 		
0x004E	0x0E01      	MOVLW       1
0x0050	0x6E00      	MOVWF       R0 
0x0052	0xD001      	BRA         L_end_I2C1_Is_Idle
L_I2C1_Is_Idle1:
L_I2C1_Is_Idle0:
;__Lib_I2C_c34.c,33 :: 		
0x0054	0x6A00      	CLRF        R0 
;__Lib_I2C_c34.c,34 :: 		
L_end_I2C1_Is_Idle:
0x0056	0x0012      	RETURN      0
; end of _I2C1_Is_Idle
_Lcd_Cmd:
;__Lib_Lcd.c,18 :: 		
;__Lib_Lcd.c,20 :: 		
0x0058	0xBE66      	BTFSC       FARG_Lcd_Cmd_out_char, 7 
0x005A	0xD002      	BRA         L__Lcd_Cmd21
0x005C	0x9E81      	BCF         LCD_D7, BitPos(LCD_D7+0) 
0x005E	0xD001      	BRA         L__Lcd_Cmd22
L__Lcd_Cmd21:
0x0060	0x8E81      	BSF         LCD_D7, BitPos(LCD_D7+0) 
L__Lcd_Cmd22:
;__Lib_Lcd.c,21 :: 		
0x0062	0xBC66      	BTFSC       FARG_Lcd_Cmd_out_char, 6 
0x0064	0xD002      	BRA         L__Lcd_Cmd23
0x0066	0x9C81      	BCF         LCD_D6, BitPos(LCD_D6+0) 
0x0068	0xD001      	BRA         L__Lcd_Cmd24
L__Lcd_Cmd23:
0x006A	0x8C81      	BSF         LCD_D6, BitPos(LCD_D6+0) 
L__Lcd_Cmd24:
;__Lib_Lcd.c,22 :: 		
0x006C	0xBA66      	BTFSC       FARG_Lcd_Cmd_out_char, 5 
0x006E	0xD002      	BRA         L__Lcd_Cmd25
0x0070	0x9A81      	BCF         LCD_D5, BitPos(LCD_D5+0) 
0x0072	0xD001      	BRA         L__Lcd_Cmd26
L__Lcd_Cmd25:
0x0074	0x8A81      	BSF         LCD_D5, BitPos(LCD_D5+0) 
L__Lcd_Cmd26:
;__Lib_Lcd.c,23 :: 		
0x0076	0xB866      	BTFSC       FARG_Lcd_Cmd_out_char, 4 
0x0078	0xD002      	BRA         L__Lcd_Cmd27
0x007A	0x9881      	BCF         LCD_D4, BitPos(LCD_D4+0) 
0x007C	0xD001      	BRA         L__Lcd_Cmd28
L__Lcd_Cmd27:
0x007E	0x8881      	BSF         LCD_D4, BitPos(LCD_D4+0) 
L__Lcd_Cmd28:
;__Lib_Lcd.c,25 :: 		
0x0080	0xB04E      	BTFSC       __Lib_Lcd_cmd_status, BitPos(__Lib_Lcd_cmd_status+0) 
0x0082	0xD002      	BRA         L__Lcd_Cmd29
0x0084	0x8481      	BSF         LCD_RS, BitPos(LCD_RS+0) 
0x0086	0xD001      	BRA         L__Lcd_Cmd30
L__Lcd_Cmd29:
0x0088	0x9481      	BCF         LCD_RS, BitPos(LCD_RS+0) 
L__Lcd_Cmd30:
;__Lib_Lcd.c,28 :: 		
0x008A	0x8681      	BSF         LCD_EN, BitPos(LCD_EN+0) 
;__Lib_Lcd.c,29 :: 		
0x008C	0xDFD0      	RCALL       _Delay_1us
;__Lib_Lcd.c,30 :: 		
0x008E	0x9681      	BCF         LCD_EN, BitPos(LCD_EN+0) 
;__Lib_Lcd.c,33 :: 		
0x0090	0xB666      	BTFSC       FARG_Lcd_Cmd_out_char, 3 
0x0092	0xD002      	BRA         L__Lcd_Cmd31
0x0094	0x9E81      	BCF         LCD_D7, BitPos(LCD_D7+0) 
0x0096	0xD001      	BRA         L__Lcd_Cmd32
L__Lcd_Cmd31:
0x0098	0x8E81      	BSF         LCD_D7, BitPos(LCD_D7+0) 
L__Lcd_Cmd32:
;__Lib_Lcd.c,34 :: 		
0x009A	0xB466      	BTFSC       FARG_Lcd_Cmd_out_char, 2 
0x009C	0xD002      	BRA         L__Lcd_Cmd33
0x009E	0x9C81      	BCF         LCD_D6, BitPos(LCD_D6+0) 
0x00A0	0xD001      	BRA         L__Lcd_Cmd34
L__Lcd_Cmd33:
0x00A2	0x8C81      	BSF         LCD_D6, BitPos(LCD_D6+0) 
L__Lcd_Cmd34:
;__Lib_Lcd.c,35 :: 		
0x00A4	0xB266      	BTFSC       FARG_Lcd_Cmd_out_char, 1 
0x00A6	0xD002      	BRA         L__Lcd_Cmd35
0x00A8	0x9A81      	BCF         LCD_D5, BitPos(LCD_D5+0) 
0x00AA	0xD001      	BRA         L__Lcd_Cmd36
L__Lcd_Cmd35:
0x00AC	0x8A81      	BSF         LCD_D5, BitPos(LCD_D5+0) 
L__Lcd_Cmd36:
;__Lib_Lcd.c,36 :: 		
0x00AE	0xB066      	BTFSC       FARG_Lcd_Cmd_out_char, 0 
0x00B0	0xD002      	BRA         L__Lcd_Cmd37
0x00B2	0x9881      	BCF         LCD_D4, BitPos(LCD_D4+0) 
0x00B4	0xD001      	BRA         L__Lcd_Cmd38
L__Lcd_Cmd37:
0x00B6	0x8881      	BSF         LCD_D4, BitPos(LCD_D4+0) 
L__Lcd_Cmd38:
;__Lib_Lcd.c,38 :: 		
0x00B8	0xB04E      	BTFSC       __Lib_Lcd_cmd_status, BitPos(__Lib_Lcd_cmd_status+0) 
0x00BA	0xD002      	BRA         L__Lcd_Cmd39
0x00BC	0x8481      	BSF         LCD_RS, BitPos(LCD_RS+0) 
0x00BE	0xD001      	BRA         L__Lcd_Cmd40
L__Lcd_Cmd39:
0x00C0	0x9481      	BCF         LCD_RS, BitPos(LCD_RS+0) 
L__Lcd_Cmd40:
;__Lib_Lcd.c,40 :: 		
0x00C2	0x8681      	BSF         LCD_EN, BitPos(LCD_EN+0) 
;__Lib_Lcd.c,41 :: 		
0x00C4	0xDFB4      	RCALL       _Delay_1us
;__Lib_Lcd.c,42 :: 		
0x00C6	0x9681      	BCF         LCD_EN, BitPos(LCD_EN+0) 
;__Lib_Lcd.c,44 :: 		
0x00C8	0xA04E      	BTFSS       __Lib_Lcd_cmd_status, BitPos(__Lib_Lcd_cmd_status+0) 
0x00CA	0xD002      	BRA         L_Lcd_Cmd0
;__Lib_Lcd.c,45 :: 		
0x00CC	0xDFA7      	RCALL       _Delay_5500us
0x00CE	0xD001      	BRA         L_Lcd_Cmd1
L_Lcd_Cmd0:
;__Lib_Lcd.c,47 :: 		
0x00D0	0xDFB0      	RCALL       _Delay_50us
L_Lcd_Cmd1:
;__Lib_Lcd.c,48 :: 		
L_end_Lcd_Cmd:
0x00D2	0x0012      	RETURN      0
; end of _Lcd_Cmd
_I2C1_Wr:
;__Lib_I2C_c34.c,84 :: 		
;__Lib_I2C_c34.c,86 :: 		
0x00D4	0x969E      	BCF         PIR1, 3 
;__Lib_I2C_c34.c,87 :: 		
0x00D6	0xFFC9C064  	MOVFF       FARG_I2C1_Wr_data_, SSPBUF
;__Lib_I2C_c34.c,89 :: 		
L_I2C1_Wr18:
0x00DA	0xA4C7      	BTFSS       SSPSTAT, 2 
0x00DC	0xD001      	BRA         L_I2C1_Wr19
;__Lib_I2C_c34.c,90 :: 		
0x00DE	0xD7FD      	BRA         L_I2C1_Wr18
L_I2C1_Wr19:
;__Lib_I2C_c34.c,92 :: 		
L_I2C1_Wr20:
0x00E0	0xB69E      	BTFSC       PIR1, 3 
0x00E2	0xD001      	BRA         L_I2C1_Wr21
;__Lib_I2C_c34.c,93 :: 		
0x00E4	0xD7FD      	BRA         L_I2C1_Wr20
L_I2C1_Wr21:
;__Lib_I2C_c34.c,95 :: 		
0x00E6	0xBCC5      	BTFSC       SSPCON2, 6 
0x00E8	0xD002      	BRA         L_I2C1_Wr22
;__Lib_I2C_c34.c,96 :: 		
0x00EA	0x6A00      	CLRF        R0 
0x00EC	0xD003      	BRA         L_end_I2C1_Wr
;__Lib_I2C_c34.c,97 :: 		
L_I2C1_Wr22:
;__Lib_I2C_c34.c,99 :: 		
0x00EE	0x84C5      	BSF         SSPCON2, 2 
;__Lib_I2C_c34.c,100 :: 		
0x00F0	0x0E02      	MOVLW       2
0x00F2	0x6E00      	MOVWF       R0 
;__Lib_I2C_c34.c,102 :: 		
L_end_I2C1_Wr:
0x00F4	0x0012      	RETURN      0
; end of _I2C1_Wr
_I2C1_Stop:
;__Lib_I2C_c34.c,105 :: 		
;__Lib_I2C_c34.c,106 :: 		
0x00F6	0x84C5      	BSF         SSPCON2, 2 
;__Lib_I2C_c34.c,107 :: 		
L_end_I2C1_Stop:
0x00F8	0x0012      	RETURN      0
; end of _I2C1_Stop
_UART1_Write:
;__Lib_UART_c67.c,58 :: 		
;__Lib_UART_c67.c,59 :: 		
L_UART1_Write3:
0x00FA	0xB2AC      	BTFSC       TXSTA, 1 
0x00FC	0xD002      	BRA         L_UART1_Write4
;__Lib_UART_c67.c,60 :: 		
0x00FE	0x0000      	NOP
0x0100	0xD7FC      	BRA         L_UART1_Write3
L_UART1_Write4:
;__Lib_UART_c67.c,61 :: 		
0x0102	0xFFADC064  	MOVFF       FARG_UART1_Write_data_, TXREG
;__Lib_UART_c67.c,62 :: 		
L_end_UART1_Write:
0x0106	0x0012      	RETURN      0
; end of _UART1_Write
_I2C1_Repeated_Start:
;__Lib_I2C_c34.c,54 :: 		
;__Lib_I2C_c34.c,55 :: 		
0x0108	0x82C5      	BSF         SSPCON2, 1 
;__Lib_I2C_c34.c,56 :: 		
L_I2C1_Repeated_Start10:
0x010A	0xA2C5      	BTFSS       SSPCON2, 1 
0x010C	0xD001      	BRA         L_I2C1_Repeated_Start11
;__Lib_I2C_c34.c,57 :: 		
0x010E	0xD7FD      	BRA         L_I2C1_Repeated_Start10
L_I2C1_Repeated_Start11:
;__Lib_I2C_c34.c,58 :: 		
L_end_I2C1_Repeated_Start:
0x0110	0x0012      	RETURN      0
; end of _I2C1_Repeated_Start
_I2C1_Start:
;__Lib_I2C_c34.c,36 :: 		
;__Lib_I2C_c34.c,39 :: 		
0x0112	0x6A64      	CLRF        I2C1_Start_j_L0 
0x0114	0x6A65      	CLRF        I2C1_Start_j_L0+1 
L_I2C1_Start2:
0x0116	0x5065      	MOVF        I2C1_Start_j_L0+1, 0 
0x0118	0x0812      	SUBLW       18
0x011A	0xE102      	BNZ         L__I2C1_Start27
0x011C	0x5064      	MOVF        I2C1_Start_j_L0, 0 
0x011E	0x088E      	SUBLW       142
L__I2C1_Start27:
0x0120	0xE307      	BNC         L_I2C1_Start3
;__Lib_I2C_c34.c,40 :: 		
0x0122	0xDF8D      	RCALL       _I2C1_Is_Idle
0x0124	0x5200      	MOVF        R0, 1 
0x0126	0xE001      	BZ          L_I2C1_Start5
;__Lib_I2C_c34.c,41 :: 		
0x0128	0xD003      	BRA         L_I2C1_Start3
L_I2C1_Start5:
;__Lib_I2C_c34.c,39 :: 		
0x012A	0x4A64      	INFSNZ      I2C1_Start_j_L0, 1 
0x012C	0x2A65      	INCF        I2C1_Start_j_L0+1, 1 
;__Lib_I2C_c34.c,42 :: 		
0x012E	0xD7F3      	BRA         L_I2C1_Start2
L_I2C1_Start3:
;__Lib_I2C_c34.c,44 :: 		
0x0130	0x0E12      	MOVLW       18
0x0132	0x5C65      	SUBWF       I2C1_Start_j_L0+1, 0 
0x0134	0xE102      	BNZ         L__I2C1_Start28
0x0136	0x0E8F      	MOVLW       143
0x0138	0x5C64      	SUBWF       I2C1_Start_j_L0, 0 
L__I2C1_Start28:
0x013A	0xE303      	BNC         L_I2C1_Start6
;__Lib_I2C_c34.c,45 :: 		
0x013C	0x0E7B      	MOVLW       123
0x013E	0x6E00      	MOVWF       R0 
0x0140	0xD005      	BRA         L_end_I2C1_Start
L_I2C1_Start6:
;__Lib_I2C_c34.c,47 :: 		
0x0142	0x80C5      	BSF         SSPCON2, 0 
;__Lib_I2C_c34.c,48 :: 		
L_I2C1_Start8:
0x0144	0xA0C5      	BTFSS       SSPCON2, 0 
0x0146	0xD001      	BRA         L_I2C1_Start9
;__Lib_I2C_c34.c,49 :: 		
0x0148	0xD7FD      	BRA         L_I2C1_Start8
L_I2C1_Start9:
;__Lib_I2C_c34.c,50 :: 		
0x014A	0x6A00      	CLRF        R0 
;__Lib_I2C_c34.c,52 :: 		
L_end_I2C1_Start:
0x014C	0x0012      	RETURN      0
; end of _I2C1_Start
_I2C1_Rd:
;__Lib_I2C_c34.c,60 :: 		
;__Lib_I2C_c34.c,63 :: 		
0x014E	0x969E      	BCF         PIR1, 3 
;__Lib_I2C_c34.c,64 :: 		
0x0150	0x86C5      	BSF         SSPCON2, 3 
;__Lib_I2C_c34.c,66 :: 		
L_I2C1_Rd12:
0x0152	0xB69E      	BTFSC       PIR1, 3 
0x0154	0xD001      	BRA         L_I2C1_Rd13
;__Lib_I2C_c34.c,67 :: 		
0x0156	0xD7FD      	BRA         L_I2C1_Rd12
L_I2C1_Rd13:
;__Lib_I2C_c34.c,69 :: 		
0x0158	0xF001CFC9  	MOVFF       SSPBUF, R1
;__Lib_I2C_c34.c,70 :: 		
0x015C	0x5064      	MOVF        FARG_I2C1_Rd_ack, 0 
0x015E	0x0A00      	XORLW       0
0x0160	0xE102      	BNZ         L_I2C1_Rd14
;__Lib_I2C_c34.c,71 :: 		
0x0162	0x8AC5      	BSF         SSPCON2, 5 
0x0164	0xD001      	BRA         L_I2C1_Rd15
L_I2C1_Rd14:
;__Lib_I2C_c34.c,73 :: 		
0x0166	0x9AC5      	BCF         SSPCON2, 5 
L_I2C1_Rd15:
;__Lib_I2C_c34.c,75 :: 		
0x0168	0x969E      	BCF         PIR1, 3 
;__Lib_I2C_c34.c,76 :: 		
0x016A	0x88C5      	BSF         SSPCON2, 4 
;__Lib_I2C_c34.c,78 :: 		
L_I2C1_Rd16:
0x016C	0xB69E      	BTFSC       PIR1, 3 
0x016E	0xD001      	BRA         L_I2C1_Rd17
;__Lib_I2C_c34.c,79 :: 		
0x0170	0xD7FD      	BRA         L_I2C1_Rd16
L_I2C1_Rd17:
;__Lib_I2C_c34.c,81 :: 		
0x0172	0xF000C001  	MOVFF       R1, R0
;__Lib_I2C_c34.c,82 :: 		
L_end_I2C1_Rd:
0x0176	0x0012      	RETURN      0
; end of _I2C1_Rd
_Lcd_Chr_CP:
;__Lib_Lcd.c,50 :: 		
;__Lib_Lcd.c,52 :: 		
0x0178	0x904E      	BCF         __Lib_Lcd_cmd_status, BitPos(__Lib_Lcd_cmd_status+0) 
;__Lib_Lcd.c,53 :: 		
0x017A	0xF066C064  	MOVFF       FARG_Lcd_Chr_CP_out_char, FARG_Lcd_Cmd_out_char
0x017E	0xDF6C      	RCALL       _Lcd_Cmd
;__Lib_Lcd.c,54 :: 		
0x0180	0x804E      	BSF         __Lib_Lcd_cmd_status, BitPos(__Lib_Lcd_cmd_status+0) 
;__Lib_Lcd.c,55 :: 		
L_end_Lcd_Chr_CP:
0x0182	0x0012      	RETURN      0
; end of _Lcd_Chr_CP
_I2C1_Init:
;__Lib_I2C_c34.c,4 :: 		
;__Lib_I2C_c34.c,11 :: 		
0x0184	0x9894      	BCF         TRISC4_bit, BitPos(TRISC4_bit+0) 
;__Lib_I2C_c34.c,12 :: 		
0x0186	0x9694      	BCF         TRISC3_bit, BitPos(TRISC3_bit+0) 
;__Lib_I2C_c34.c,15 :: 		
0x0188	0x988B      	BCF         LATC4_bit, BitPos(LATC4_bit+0) 
;__Lib_I2C_c34.c,16 :: 		
0x018A	0x968B      	BCF         LATC3_bit, BitPos(LATC3_bit+0) 
;__Lib_I2C_c34.c,19 :: 		
0x018C	0x8894      	BSF         TRISC4_bit, BitPos(TRISC4_bit+0) 
;__Lib_I2C_c34.c,20 :: 		
0x018E	0x8694      	BSF         TRISC3_bit, BitPos(TRISC3_bit+0) 
;__Lib_I2C_c34.c,22 :: 		
0x0190	0x9EC7      	BCF         SSPSTAT, 7 
;__Lib_I2C_c34.c,23 :: 		
0x0192	0x9CC7      	BCF         SSPSTAT, 6 
;__Lib_I2C_c34.c,24 :: 		
0x0194	0x0E38      	MOVLW       56
0x0196	0x6EC6      	MOVWF       SSPCON1 
;__Lib_I2C_c34.c,27 :: 		
L_end_I2C1_Init:
0x0198	0x0012      	RETURN      0
; end of _I2C1_Init
___CC2DW:
;__Lib_System.c,21 :: 		
;__Lib_System.c,23 :: 		
_CC2DL_Loop1:
;__Lib_System.c,24 :: 		
0x019A	0x0009      	TBLRD*+
;__Lib_System.c,25 :: 		
0x019C	0xFFE6CFF5  	MOVFF       TABLAT, POSTINC1
;__Lib_System.c,26 :: 		
0x01A0	0x0600      	DECF        R0, 1, 0
;__Lib_System.c,27 :: 		
0x01A2	0xE1FB      	BNZ         _CC2DL_Loop1
;__Lib_System.c,28 :: 		
0x01A4	0x0601      	DECF        R1, 1, 0
;__Lib_System.c,29 :: 		
0x01A6	0xE1F9      	BNZ         _CC2DL_Loop1
;__Lib_System.c,31 :: 		
L_end___CC2DW:
0x01A8	0x0012      	RETURN      0
; end of ___CC2DW
_Lcd_Out:
;__Lib_Lcd.c,184 :: 		
;__Lib_Lcd.c,187 :: 		
0x01AA	0xD00F      	BRA         L_Lcd_Out11
;__Lib_Lcd.c,188 :: 		
L_Lcd_Out13:
0x01AC	0x0E80      	MOVLW       128
0x01AE	0x6E5F      	MOVWF       FARG_Lcd_Out_row 
0x01B0	0xD019      	BRA         L_Lcd_Out12
;__Lib_Lcd.c,189 :: 		
L_Lcd_Out14:
0x01B2	0x0EC0      	MOVLW       192
0x01B4	0x6E5F      	MOVWF       FARG_Lcd_Out_row 
0x01B6	0xD016      	BRA         L_Lcd_Out12
;__Lib_Lcd.c,190 :: 		
L_Lcd_Out15:
0x01B8	0x0E94      	MOVLW       148
0x01BA	0x6E5F      	MOVWF       FARG_Lcd_Out_row 
0x01BC	0xD013      	BRA         L_Lcd_Out12
;__Lib_Lcd.c,191 :: 		
L_Lcd_Out16:
0x01BE	0x0ED4      	MOVLW       212
0x01C0	0x6E5F      	MOVWF       FARG_Lcd_Out_row 
0x01C2	0xD010      	BRA         L_Lcd_Out12
;__Lib_Lcd.c,192 :: 		
L_Lcd_Out17:
0x01C4	0x0E80      	MOVLW       128
0x01C6	0x6E5F      	MOVWF       FARG_Lcd_Out_row 
;__Lib_Lcd.c,193 :: 		
0x01C8	0xD00D      	BRA         L_Lcd_Out12
L_Lcd_Out11:
0x01CA	0x505F      	MOVF        FARG_Lcd_Out_row, 0 
0x01CC	0x0A01      	XORLW       1
0x01CE	0xE0EE      	BZ          L_Lcd_Out13
0x01D0	0x505F      	MOVF        FARG_Lcd_Out_row, 0 
0x01D2	0x0A02      	XORLW       2
0x01D4	0xE0EE      	BZ          L_Lcd_Out14
0x01D6	0x505F      	MOVF        FARG_Lcd_Out_row, 0 
0x01D8	0x0A03      	XORLW       3
0x01DA	0xE0EE      	BZ          L_Lcd_Out15
0x01DC	0x505F      	MOVF        FARG_Lcd_Out_row, 0 
0x01DE	0x0A04      	XORLW       4
0x01E0	0xE0EE      	BZ          L_Lcd_Out16
0x01E2	0xD7F0      	BRA         L_Lcd_Out17
L_Lcd_Out12:
;__Lib_Lcd.c,194 :: 		
0x01E4	0x0460      	DECF        FARG_Lcd_Out_column, 0 
0x01E6	0x6E00      	MOVWF       R0 
0x01E8	0x505F      	MOVF        FARG_Lcd_Out_row, 0 
0x01EA	0x2600      	ADDWF       R0, 1 
0x01EC	0xF05FC000  	MOVFF       R0, FARG_Lcd_Out_row
;__Lib_Lcd.c,196 :: 		
0x01F0	0xF066C000  	MOVFF       R0, FARG_Lcd_Cmd_out_char
0x01F4	0xDF31      	RCALL       _Lcd_Cmd
;__Lib_Lcd.c,197 :: 		
0x01F6	0x904E      	BCF         __Lib_Lcd_cmd_status, BitPos(__Lib_Lcd_cmd_status+0) 
;__Lib_Lcd.c,198 :: 		
0x01F8	0x6A63      	CLRF        Lcd_Out_i_L0 
;__Lib_Lcd.c,199 :: 		
L_Lcd_Out18:
0x01FA	0x5063      	MOVF        Lcd_Out_i_L0, 0 
0x01FC	0x2461      	ADDWF       FARG_Lcd_Out_text, 0 
0x01FE	0x6EE9      	MOVWF       FSR0L 
0x0200	0x0E00      	MOVLW       0
0x0202	0x2062      	ADDWFC      FARG_Lcd_Out_text+1, 0 
0x0204	0x6EEA      	MOVWF       FSR0H 
0x0206	0x52EE      	MOVF        POSTINC0, 1 
0x0208	0xE00B      	BZ          L_Lcd_Out19
;__Lib_Lcd.c,200 :: 		
0x020A	0x5063      	MOVF        Lcd_Out_i_L0, 0 
0x020C	0x2461      	ADDWF       FARG_Lcd_Out_text, 0 
0x020E	0x6EE9      	MOVWF       FSR0L 
0x0210	0x0E00      	MOVLW       0
0x0212	0x2062      	ADDWFC      FARG_Lcd_Out_text+1, 0 
0x0214	0x6EEA      	MOVWF       FSR0H 
0x0216	0xF064CFEE  	MOVFF       POSTINC0, FARG_Lcd_Chr_CP_out_char
0x021A	0xDFAE      	RCALL       _Lcd_Chr_CP
0x021C	0x2A63      	INCF        Lcd_Out_i_L0, 1 
0x021E	0xD7ED      	BRA         L_Lcd_Out18
L_Lcd_Out19:
;__Lib_Lcd.c,201 :: 		
0x0220	0x804E      	BSF         __Lib_Lcd_cmd_status, BitPos(__Lib_Lcd_cmd_status+0) 
;__Lib_Lcd.c,202 :: 		
L_end_Lcd_Out:
0x0222	0x0012      	RETURN      0
; end of _Lcd_Out
_Lcd_Init:
;__Lib_Lcd.c,84 :: 		
;__Lib_Lcd.c,86 :: 		
0x0224	0x9693      	BCF         LCD_EN_Direction, BitPos(LCD_EN_Direction+0) 
;__Lib_Lcd.c,87 :: 		
0x0226	0x9493      	BCF         LCD_RS_Direction, BitPos(LCD_RS_Direction+0) 
;__Lib_Lcd.c,88 :: 		
0x0228	0x9893      	BCF         LCD_D4_Direction, BitPos(LCD_D4_Direction+0) 
;__Lib_Lcd.c,89 :: 		
0x022A	0x9A93      	BCF         LCD_D5_Direction, BitPos(LCD_D5_Direction+0) 
;__Lib_Lcd.c,90 :: 		
0x022C	0x9C93      	BCF         LCD_D6_Direction, BitPos(LCD_D6_Direction+0) 
;__Lib_Lcd.c,91 :: 		
0x022E	0x9E93      	BCF         LCD_D7_Direction, BitPos(LCD_D7_Direction+0) 
;__Lib_Lcd.c,93 :: 		
0x0230	0x9681      	BCF         LCD_EN, BitPos(LCD_EN+0) 
;__Lib_Lcd.c,94 :: 		
0x0232	0x9481      	BCF         LCD_RS, BitPos(LCD_RS+0) 
;__Lib_Lcd.c,95 :: 		
0x0234	0x9E81      	BCF         LCD_D7, BitPos(LCD_D7+0) 
;__Lib_Lcd.c,96 :: 		
0x0236	0x9C81      	BCF         LCD_D6, BitPos(LCD_D6+0) 
;__Lib_Lcd.c,97 :: 		
0x0238	0x9A81      	BCF         LCD_D5, BitPos(LCD_D5+0) 
;__Lib_Lcd.c,98 :: 		
0x023A	0x9881      	BCF         LCD_D4, BitPos(LCD_D4+0) 
;__Lib_Lcd.c,100 :: 		
0x023C	0xDEEF      	RCALL       _Delay_5500us
;__Lib_Lcd.c,101 :: 		
0x023E	0xDEEE      	RCALL       _Delay_5500us
;__Lib_Lcd.c,102 :: 		
0x0240	0xDEED      	RCALL       _Delay_5500us
;__Lib_Lcd.c,105 :: 		
0x0242	0x8A81      	BSF         LCD_D5, BitPos(LCD_D5+0) 
;__Lib_Lcd.c,106 :: 		
0x0244	0x8881      	BSF         LCD_D4, BitPos(LCD_D4+0) 
;__Lib_Lcd.c,107 :: 		
0x0246	0x8681      	BSF         LCD_EN, BitPos(LCD_EN+0) 
;__Lib_Lcd.c,108 :: 		
0x0248	0xDEF2      	RCALL       _Delay_1us
;__Lib_Lcd.c,109 :: 		
0x024A	0x9681      	BCF         LCD_EN, BitPos(LCD_EN+0) 
;__Lib_Lcd.c,110 :: 		
0x024C	0xDEE7      	RCALL       _Delay_5500us
;__Lib_Lcd.c,112 :: 		
0x024E	0x8681      	BSF         LCD_EN, BitPos(LCD_EN+0) 
;__Lib_Lcd.c,113 :: 		
0x0250	0xDEEE      	RCALL       _Delay_1us
;__Lib_Lcd.c,114 :: 		
0x0252	0x9681      	BCF         LCD_EN, BitPos(LCD_EN+0) 
;__Lib_Lcd.c,115 :: 		
0x0254	0xDEE3      	RCALL       _Delay_5500us
;__Lib_Lcd.c,117 :: 		
0x0256	0x8681      	BSF         LCD_EN, BitPos(LCD_EN+0) 
;__Lib_Lcd.c,118 :: 		
0x0258	0xDEEA      	RCALL       _Delay_1us
;__Lib_Lcd.c,119 :: 		
0x025A	0x9681      	BCF         LCD_EN, BitPos(LCD_EN+0) 
;__Lib_Lcd.c,120 :: 		
0x025C	0xDEDF      	RCALL       _Delay_5500us
;__Lib_Lcd.c,123 :: 		
0x025E	0x9881      	BCF         LCD_D4, BitPos(LCD_D4+0) 
;__Lib_Lcd.c,124 :: 		
0x0260	0x8681      	BSF         LCD_EN, BitPos(LCD_EN+0) 
;__Lib_Lcd.c,125 :: 		
0x0262	0xDEE5      	RCALL       _Delay_1us
;__Lib_Lcd.c,126 :: 		
0x0264	0x9681      	BCF         LCD_EN, BitPos(LCD_EN+0) 
;__Lib_Lcd.c,127 :: 		
0x0266	0xDEDA      	RCALL       _Delay_5500us
;__Lib_Lcd.c,130 :: 		
0x0268	0x8681      	BSF         LCD_EN, BitPos(LCD_EN+0) 
;__Lib_Lcd.c,131 :: 		
0x026A	0xDEE1      	RCALL       _Delay_1us
;__Lib_Lcd.c,132 :: 		
0x026C	0x9681      	BCF         LCD_EN, BitPos(LCD_EN+0) 
;__Lib_Lcd.c,134 :: 		
0x026E	0x9A81      	BCF         LCD_D5, BitPos(LCD_D5+0) 
;__Lib_Lcd.c,135 :: 		
0x0270	0x8E81      	BSF         LCD_D7, BitPos(LCD_D7+0) 
;__Lib_Lcd.c,136 :: 		
0x0272	0x8681      	BSF         LCD_EN, BitPos(LCD_EN+0) 
;__Lib_Lcd.c,137 :: 		
0x0274	0xDEDC      	RCALL       _Delay_1us
;__Lib_Lcd.c,138 :: 		
0x0276	0x9681      	BCF         LCD_EN, BitPos(LCD_EN+0) 
;__Lib_Lcd.c,139 :: 		
0x0278	0xDED1      	RCALL       _Delay_5500us
;__Lib_Lcd.c,142 :: 		
0x027A	0x9E81      	BCF         LCD_D7, BitPos(LCD_D7+0) 
;__Lib_Lcd.c,143 :: 		
0x027C	0x8881      	BSF         LCD_D4, BitPos(LCD_D4+0) 
;__Lib_Lcd.c,144 :: 		
0x027E	0x8681      	BSF         LCD_EN, BitPos(LCD_EN+0) 
;__Lib_Lcd.c,145 :: 		
0x0280	0xDED6      	RCALL       _Delay_1us
;__Lib_Lcd.c,146 :: 		
0x0282	0x9681      	BCF         LCD_EN, BitPos(LCD_EN+0) 
;__Lib_Lcd.c,148 :: 		
0x0284	0x9881      	BCF         LCD_D4, BitPos(LCD_D4+0) 
;__Lib_Lcd.c,149 :: 		
0x0286	0x8681      	BSF         LCD_EN, BitPos(LCD_EN+0) 
;__Lib_Lcd.c,150 :: 		
0x0288	0xDED2      	RCALL       _Delay_1us
;__Lib_Lcd.c,151 :: 		
0x028A	0x9681      	BCF         LCD_EN, BitPos(LCD_EN+0) 
;__Lib_Lcd.c,152 :: 		
0x028C	0xDEC7      	RCALL       _Delay_5500us
;__Lib_Lcd.c,155 :: 		
0x028E	0x8681      	BSF         LCD_EN, BitPos(LCD_EN+0) 
;__Lib_Lcd.c,156 :: 		
0x0290	0xDECE      	RCALL       _Delay_1us
;__Lib_Lcd.c,157 :: 		
0x0292	0x9681      	BCF         LCD_EN, BitPos(LCD_EN+0) 
;__Lib_Lcd.c,159 :: 		
0x0294	0x8881      	BSF         LCD_D4, BitPos(LCD_D4+0) 
;__Lib_Lcd.c,160 :: 		
0x0296	0x8681      	BSF         LCD_EN, BitPos(LCD_EN+0) 
;__Lib_Lcd.c,161 :: 		
0x0298	0xDECA      	RCALL       _Delay_1us
;__Lib_Lcd.c,162 :: 		
0x029A	0x9681      	BCF         LCD_EN, BitPos(LCD_EN+0) 
;__Lib_Lcd.c,163 :: 		
0x029C	0xDEBF      	RCALL       _Delay_5500us
;__Lib_Lcd.c,166 :: 		
0x029E	0x9881      	BCF         LCD_D4, BitPos(LCD_D4+0) 
;__Lib_Lcd.c,167 :: 		
0x02A0	0x8681      	BSF         LCD_EN, BitPos(LCD_EN+0) 
;__Lib_Lcd.c,168 :: 		
0x02A2	0xDEC5      	RCALL       _Delay_1us
;__Lib_Lcd.c,169 :: 		
0x02A4	0x9681      	BCF         LCD_EN, BitPos(LCD_EN+0) 
;__Lib_Lcd.c,171 :: 		
0x02A6	0x8E81      	BSF         LCD_D7, BitPos(LCD_D7+0) 
;__Lib_Lcd.c,172 :: 		
0x02A8	0x8C81      	BSF         LCD_D6, BitPos(LCD_D6+0) 
;__Lib_Lcd.c,173 :: 		
0x02AA	0x8A81      	BSF         LCD_D5, BitPos(LCD_D5+0) 
;__Lib_Lcd.c,174 :: 		
0x02AC	0x8881      	BSF         LCD_D4, BitPos(LCD_D4+0) 
;__Lib_Lcd.c,175 :: 		
0x02AE	0x8681      	BSF         LCD_EN, BitPos(LCD_EN+0) 
;__Lib_Lcd.c,176 :: 		
0x02B0	0xDEBE      	RCALL       _Delay_1us
;__Lib_Lcd.c,177 :: 		
0x02B2	0x9681      	BCF         LCD_EN, BitPos(LCD_EN+0) 
;__Lib_Lcd.c,179 :: 		
0x02B4	0xDEB3      	RCALL       _Delay_5500us
;__Lib_Lcd.c,181 :: 		
0x02B6	0x804E      	BSF         __Lib_Lcd_cmd_status, BitPos(__Lib_Lcd_cmd_status+0) 
;__Lib_Lcd.c,182 :: 		
L_end_Lcd_Init:
0x02B8	0x0012      	RETURN      0
; end of _Lcd_Init
_BCD2UpperCh:
;RTC.c,44 :: 		unsigned char BCD2UpperCh(unsigned char bcd)
;RTC.c,46 :: 		return ((bcd >> 4) + '0');
0x02BA	0xF000C05F  	MOVFF       FARG_BCD2UpperCh_bcd, R0
0x02BE	0x3200      	RRCF        R0, 1 
0x02C0	0x9E00      	BCF         R0, 7 
0x02C2	0x3200      	RRCF        R0, 1 
0x02C4	0x9E00      	BCF         R0, 7 
0x02C6	0x3200      	RRCF        R0, 1 
0x02C8	0x9E00      	BCF         R0, 7 
0x02CA	0x3200      	RRCF        R0, 1 
0x02CC	0x9E00      	BCF         R0, 7 
0x02CE	0x0E30      	MOVLW       48
0x02D0	0x2600      	ADDWF       R0, 1 
;RTC.c,47 :: 		}
L_end_BCD2UpperCh:
0x02D2	0x0012      	RETURN      0
; end of _BCD2UpperCh
_BCD2LowerCh:
;RTC.c,50 :: 		unsigned char BCD2LowerCh(unsigned char bcd)
;RTC.c,52 :: 		return ((bcd & 0x0F) + '0');
0x02D4	0x0E0F      	MOVLW       15
0x02D6	0x145F      	ANDWF       FARG_BCD2LowerCh_bcd, 0 
0x02D8	0x6E00      	MOVWF       R0 
0x02DA	0x0E30      	MOVLW       48
0x02DC	0x2600      	ADDWF       R0, 1 
;RTC.c,53 :: 		}
L_end_BCD2LowerCh:
0x02DE	0x0012      	RETURN      0
; end of _BCD2LowerCh
_read_ds1307:
;RTC.c,19 :: 		unsigned short read_ds1307(unsigned short address)
;RTC.c,22 :: 		I2C1_Start();
0x02E0	0xDF18      	RCALL       _I2C1_Start
;RTC.c,23 :: 		I2C1_Wr(0xD0); //address 0x68 followed by direction bit (0 for write, 1 for read) 0x68 followed by 0 --> 0xD0
0x02E2	0x0ED0      	MOVLW       208
0x02E4	0x6E64      	MOVWF       FARG_I2C1_Wr_data_ 
0x02E6	0xDEF6      	RCALL       _I2C1_Wr
;RTC.c,24 :: 		I2C1_Wr(address);
0x02E8	0xF064C05F  	MOVFF       FARG_read_ds1307_address, FARG_I2C1_Wr_data_
0x02EC	0xDEF3      	RCALL       _I2C1_Wr
;RTC.c,25 :: 		I2C1_Repeated_Start();
0x02EE	0xDF0C      	RCALL       _I2C1_Repeated_Start
;RTC.c,26 :: 		I2C1_Wr(0xD1); //0x68 followed by 1 --> 0xD1
0x02F0	0x0ED1      	MOVLW       209
0x02F2	0x6E64      	MOVWF       FARG_I2C1_Wr_data_ 
0x02F4	0xDEEF      	RCALL       _I2C1_Wr
;RTC.c,27 :: 		r_data=I2C1_Rd(0);
0x02F6	0x6A64      	CLRF        FARG_I2C1_Rd_ack 
0x02F8	0xDF2A      	RCALL       _I2C1_Rd
0x02FA	0xF060C000  	MOVFF       R0, read_ds1307_r_data_L0
;RTC.c,28 :: 		I2C1_Stop();
0x02FE	0xDEFB      	RCALL       _I2C1_Stop
;RTC.c,29 :: 		return(r_data);
0x0300	0xF000C060  	MOVFF       read_ds1307_r_data_L0, R0
;RTC.c,30 :: 		}
L_end_read_ds1307:
0x0304	0x0012      	RETURN      0
; end of _read_ds1307
_UART1_Init:
;__Lib_UART_c67.c,15 :: 		
;__Lib_UART_c67.c,18 :: 		
0x0306	0x0EFA      	MOVLW       _UART1_Write
0x0308	0x6E4A      	MOVWF       _UART_Wr_Ptr 
0x030A	0x0E00      	MOVLW       hi_addr(_UART1_Write)
0x030C	0x6E4B      	MOVWF       _UART_Wr_Ptr+1 
0x030E	0x0E64      	MOVLW       FARG_UART1_Write_data_
0x0310	0x6E4C      	MOVWF       _UART_Wr_Ptr+2 
0x0312	0x0E00      	MOVLW       hi_addr(FARG_UART1_Write_data_)
0x0314	0x6E4D      	MOVWF       _UART_Wr_Ptr+3 
;__Lib_UART_c67.c,19 :: 		
0x0316	0x0EFF      	MOVLW       _UART1_Read
0x0318	0x6E4F      	MOVWF       _UART_Rd_Ptr 
0x031A	0x0EFF      	MOVLW       hi_addr(_UART1_Read)
0x031C	0x6E50      	MOVWF       _UART_Rd_Ptr+1 
0x031E	0x0E00      	MOVLW       0
0x0320	0x6E51      	MOVWF       _UART_Rd_Ptr+2 
0x0322	0x0E00      	MOVLW       0
0x0324	0x6E52      	MOVWF       _UART_Rd_Ptr+3 
;__Lib_UART_c67.c,20 :: 		
0x0326	0x0EFF      	MOVLW       _UART1_Data_Ready
0x0328	0x6E57      	MOVWF       _UART_Rdy_Ptr 
0x032A	0x0EFF      	MOVLW       hi_addr(_UART1_Data_Ready)
0x032C	0x6E58      	MOVWF       _UART_Rdy_Ptr+1 
0x032E	0x0E00      	MOVLW       0
0x0330	0x6E59      	MOVWF       _UART_Rdy_Ptr+2 
0x0332	0x0E00      	MOVLW       0
0x0334	0x6E5A      	MOVWF       _UART_Rdy_Ptr+3 
;__Lib_UART_c67.c,21 :: 		
0x0336	0x0EFF      	MOVLW       _UART1_Tx_Idle
0x0338	0x6E53      	MOVWF       _UART_Tx_Idle_Ptr 
0x033A	0x0EFF      	MOVLW       hi_addr(_UART1_Tx_Idle)
0x033C	0x6E54      	MOVWF       _UART_Tx_Idle_Ptr+1 
0x033E	0x0E00      	MOVLW       0
0x0340	0x6E55      	MOVWF       _UART_Tx_Idle_Ptr+2 
0x0342	0x0E00      	MOVLW       0
0x0344	0x6E56      	MOVWF       _UART_Tx_Idle_Ptr+3 
;__Lib_UART_c67.c,23 :: 		
0x0346	0x8AAC      	BSF         TXSTA, 5 
;__Lib_UART_c67.c,24 :: 		
0x0348	0x0E90      	MOVLW       144
0x034A	0x6EAB      	MOVWF       RCSTA 
;__Lib_UART_c67.c,25 :: 		
0x034C	0x8E94      	BSF         TRISC7_bit, BitPos(TRISC7_bit+0) 
;__Lib_UART_c67.c,26 :: 		
0x034E	0x9C94      	BCF         TRISC6_bit, BitPos(TRISC6_bit+0) 
;__Lib_UART_c67.c,28 :: 		
L_UART1_Init0:
0x0350	0xAA9E      	BTFSS       PIR1, 5 
0x0352	0xD003      	BRA         L_UART1_Init1
;__Lib_UART_c67.c,29 :: 		
0x0354	0xF000CFAE  	MOVFF       RCREG, R0
0x0358	0xD7FB      	BRA         L_UART1_Init0
L_UART1_Init1:
;__Lib_UART_c67.c,30 :: 		
L_end_UART1_Init:
0x035A	0x0012      	RETURN      0
; end of _UART1_Init
_UART1_Write_Text:
;__Lib_UART_c67.c,66 :: 		
;__Lib_UART_c67.c,67 :: 		
0x035C	0x6A62      	CLRF        UART1_Write_Text_counter_L0 
;__Lib_UART_c67.c,69 :: 		
0x035E	0xFFE9C05F  	MOVFF       FARG_UART1_Write_Text_uart_text, FSR0L
0x0362	0xFFEAC060  	MOVFF       FARG_UART1_Write_Text_uart_text+1, FSR0H
0x0366	0xF061CFEE  	MOVFF       POSTINC0, UART1_Write_Text_data__L0
;__Lib_UART_c67.c,70 :: 		
L_UART1_Write_Text5:
0x036A	0x5061      	MOVF        UART1_Write_Text_data__L0, 0 
0x036C	0x0A00      	XORLW       0
0x036E	0xE00D      	BZ          L_UART1_Write_Text6
;__Lib_UART_c67.c,71 :: 		
0x0370	0xF064C061  	MOVFF       UART1_Write_Text_data__L0, FARG_UART1_Write_data_
0x0374	0xDEC2      	RCALL       _UART1_Write
;__Lib_UART_c67.c,72 :: 		
0x0376	0x2A62      	INCF        UART1_Write_Text_counter_L0, 1 
;__Lib_UART_c67.c,73 :: 		
0x0378	0x5062      	MOVF        UART1_Write_Text_counter_L0, 0 
0x037A	0x245F      	ADDWF       FARG_UART1_Write_Text_uart_text, 0 
0x037C	0x6EE9      	MOVWF       FSR0L 
0x037E	0x0E00      	MOVLW       0
0x0380	0x2060      	ADDWFC      FARG_UART1_Write_Text_uart_text+1, 0 
0x0382	0x6EEA      	MOVWF       FSR0H 
0x0384	0xF061CFEE  	MOVFF       POSTINC0, UART1_Write_Text_data__L0
;__Lib_UART_c67.c,74 :: 		
0x0388	0xD7F0      	BRA         L_UART1_Write_Text5
L_UART1_Write_Text6:
;__Lib_UART_c67.c,75 :: 		
L_end_UART1_Write_Text:
0x038A	0x0012      	RETURN      0
; end of _UART1_Write_Text
_main:
0x038C	0xF002ECC4  	CALL        1416, 0
;RTC.c,101 :: 		void main()
;RTC.c,103 :: 		I2C1_Init(100000); //DS1307 I2C is running at 100KHz
0x0390	0x0E0A      	MOVLW       10
0x0392	0x6EC8      	MOVWF       SSPADD 
0x0394	0xDEF7      	RCALL       _I2C1_Init
;RTC.c,105 :: 		ADCON1 = 0x06;  // To turn off analog to digital converters
0x0396	0x0E06      	MOVLW       6
0x0398	0x6EC1      	MOVWF       ADCON1 
;RTC.c,107 :: 		TRISA = 0x07;
0x039A	0x0E07      	MOVLW       7
0x039C	0x6E92      	MOVWF       TRISA 
;RTC.c,108 :: 		PORTA = 0x00;
0x039E	0x6A80      	CLRF        PORTA 
;RTC.c,110 :: 		Lcd_Init();                        // Initialize LCD
0x03A0	0xDF41      	RCALL       _Lcd_Init
;RTC.c,111 :: 		Lcd_Cmd(_LCD_CLEAR);               // Clear display
0x03A2	0x0E01      	MOVLW       1
0x03A4	0x6E66      	MOVWF       FARG_Lcd_Cmd_out_char 
0x03A6	0xDE58      	RCALL       _Lcd_Cmd
;RTC.c,112 :: 		Lcd_Cmd(_LCD_CURSOR_OFF);          // Cursor off
0x03A8	0x0E0C      	MOVLW       12
0x03AA	0x6E66      	MOVWF       FARG_Lcd_Cmd_out_char 
0x03AC	0xDE55      	RCALL       _Lcd_Cmd
;RTC.c,113 :: 		Lcd_out(1,1,"Time:");
0x03AE	0x0E01      	MOVLW       1
0x03B0	0x6E5F      	MOVWF       FARG_Lcd_Out_row 
0x03B2	0x0E01      	MOVLW       1
0x03B4	0x6E60      	MOVWF       FARG_Lcd_Out_column 
0x03B6	0x0E1B      	MOVLW       ?lstr1_RTC
0x03B8	0x6E61      	MOVWF       FARG_Lcd_Out_text 
0x03BA	0x0E00      	MOVLW       hi_addr(?lstr1_RTC)
0x03BC	0x6E62      	MOVWF       FARG_Lcd_Out_text+1 
0x03BE	0xDEF5      	RCALL       _Lcd_Out
;RTC.c,114 :: 		Lcd_out(2,1,"Date:");
0x03C0	0x0E02      	MOVLW       2
0x03C2	0x6E5F      	MOVWF       FARG_Lcd_Out_row 
0x03C4	0x0E01      	MOVLW       1
0x03C6	0x6E60      	MOVWF       FARG_Lcd_Out_column 
0x03C8	0x0E15      	MOVLW       ?lstr2_RTC
0x03CA	0x6E61      	MOVWF       FARG_Lcd_Out_text 
0x03CC	0x0E00      	MOVLW       hi_addr(?lstr2_RTC)
0x03CE	0x6E62      	MOVWF       FARG_Lcd_Out_text+1 
0x03D0	0xDEEC      	RCALL       _Lcd_Out
;RTC.c,116 :: 		TRISC7_bit =1;
0x03D2	0x8E94      	BSF         TRISC7_bit, BitPos(TRISC7_bit+0) 
;RTC.c,117 :: 		UART1_Init(9600);
0x03D4	0x0E19      	MOVLW       25
0x03D6	0x6EAF      	MOVWF       SPBRG 
0x03D8	0x84AC      	BSF         TXSTA, 2, 0
0x03DA	0xDF95      	RCALL       _UART1_Init
;RTC.c,118 :: 		delay_ms(100);
0x03DC	0x0E82      	MOVLW       130
0x03DE	0x6E0C      	MOVWF       R12, 0
0x03E0	0x0EDD      	MOVLW       221
0x03E2	0x6E0D      	MOVWF       R13, 0
L_main0:
0x03E4	0x2E0D      	DECFSZ      R13, 1, 0
0x03E6	0xD7FE      	BRA         L_main0
0x03E8	0x2E0C      	DECFSZ      R12, 1, 0
0x03EA	0xD7FC      	BRA         L_main0
0x03EC	0x0000      	NOP
0x03EE	0x0000      	NOP
;RTC.c,119 :: 		UART1_Write_Text("Start");
0x03F0	0x0E21      	MOVLW       ?lstr3_RTC
0x03F2	0x6E5F      	MOVWF       FARG_UART1_Write_Text_uart_text 
0x03F4	0x0E00      	MOVLW       hi_addr(?lstr3_RTC)
0x03F6	0x6E60      	MOVWF       FARG_UART1_Write_Text_uart_text+1 
0x03F8	0xDFB1      	RCALL       _UART1_Write_Text
;RTC.c,120 :: 		for(;;){
L_main1:
;RTC.c,121 :: 		second = read_ds1307(0);
0x03FA	0x6A5F      	CLRF        FARG_read_ds1307_address 
0x03FC	0xDF71      	RCALL       _read_ds1307
0x03FE	0xF048C000  	MOVFF       R0, _second
0x0402	0x0E00      	MOVLW       0
0x0404	0x6E49      	MOVWF       _second+1 
;RTC.c,122 :: 		minute = read_ds1307(1);
0x0406	0x0E01      	MOVLW       1
0x0408	0x6E5F      	MOVWF       FARG_read_ds1307_address 
0x040A	0xDF6A      	RCALL       _read_ds1307
0x040C	0xF046C000  	MOVFF       R0, _minute
0x0410	0x0E00      	MOVLW       0
0x0412	0x6E47      	MOVWF       _minute+1 
;RTC.c,123 :: 		hour = read_ds1307(2);
0x0414	0x0E02      	MOVLW       2
0x0416	0x6E5F      	MOVWF       FARG_read_ds1307_address 
0x0418	0xDF63      	RCALL       _read_ds1307
0x041A	0xF03EC000  	MOVFF       R0, _hour
0x041E	0x0E00      	MOVLW       0
0x0420	0x6E3F      	MOVWF       _hour+1 
;RTC.c,124 :: 		hr = hour & 0b00011111;
0x0422	0x0E1F      	MOVLW       31
0x0424	0x143E      	ANDWF       _hour, 0 
0x0426	0x6E3C      	MOVWF       _hr 
0x0428	0xF03DC03F  	MOVFF       _hour+1, _hr+1
0x042C	0x0E00      	MOVLW       0
0x042E	0x163D      	ANDWF       _hr+1, 1 
;RTC.c,125 :: 		ap = hour & 0b00100000;
0x0430	0x0E20      	MOVLW       32
0x0432	0x143E      	ANDWF       _hour, 0 
0x0434	0x6E40      	MOVWF       _ap 
0x0436	0xF041C03F  	MOVFF       _hour+1, _ap+1
0x043A	0x0E00      	MOVLW       0
0x043C	0x1641      	ANDWF       _ap+1, 1 
;RTC.c,126 :: 		dday = read_ds1307(3);
0x043E	0x0E03      	MOVLW       3
0x0440	0x6E5F      	MOVWF       FARG_read_ds1307_address 
0x0442	0xDF4E      	RCALL       _read_ds1307
0x0444	0xF044C000  	MOVFF       R0, _dday
0x0448	0x0E00      	MOVLW       0
0x044A	0x6E45      	MOVWF       _dday+1 
;RTC.c,127 :: 		day = read_ds1307(4);
0x044C	0x0E04      	MOVLW       4
0x044E	0x6E5F      	MOVWF       FARG_read_ds1307_address 
0x0450	0xDF47      	RCALL       _read_ds1307
0x0452	0xF042C000  	MOVFF       R0, _day
0x0456	0x0E00      	MOVLW       0
0x0458	0x6E43      	MOVWF       _day+1 
;RTC.c,128 :: 		month = read_ds1307(5);
0x045A	0x0E05      	MOVLW       5
0x045C	0x6E5F      	MOVWF       FARG_read_ds1307_address 
0x045E	0xDF40      	RCALL       _read_ds1307
0x0460	0xF05DC000  	MOVFF       R0, _month
0x0464	0x0E00      	MOVLW       0
0x0466	0x6E5E      	MOVWF       _month+1 
;RTC.c,129 :: 		year = read_ds1307(6);
0x0468	0x0E06      	MOVLW       6
0x046A	0x6E5F      	MOVWF       FARG_read_ds1307_address 
0x046C	0xDF39      	RCALL       _read_ds1307
0x046E	0xF05BC000  	MOVFF       R0, _year
0x0472	0x0E00      	MOVLW       0
0x0474	0x6E5C      	MOVWF       _year+1 
;RTC.c,132 :: 		time[0] = BCD2UpperCh(hr);
0x0476	0xF05FC03C  	MOVFF       _hr, FARG_BCD2UpperCh_bcd
0x047A	0xDF1F      	RCALL       _BCD2UpperCh
0x047C	0xF027C000  	MOVFF       R0, _time
;RTC.c,133 :: 		time[1] = BCD2LowerCh(hr);
0x0480	0xF05FC03C  	MOVFF       _hr, FARG_BCD2LowerCh_bcd
0x0484	0xDF27      	RCALL       _BCD2LowerCh
0x0486	0xF028C000  	MOVFF       R0, _time+1
;RTC.c,134 :: 		time[3] = BCD2UpperCh(minute);
0x048A	0xF05FC046  	MOVFF       _minute, FARG_BCD2UpperCh_bcd
0x048E	0xDF15      	RCALL       _BCD2UpperCh
0x0490	0xF02AC000  	MOVFF       R0, _time+3
;RTC.c,135 :: 		time[4] = BCD2LowerCh(minute);
0x0494	0xF05FC046  	MOVFF       _minute, FARG_BCD2LowerCh_bcd
0x0498	0xDF1D      	RCALL       _BCD2LowerCh
0x049A	0xF02BC000  	MOVFF       R0, _time+4
;RTC.c,136 :: 		time[6] = BCD2UpperCh(second);
0x049E	0xF05FC048  	MOVFF       _second, FARG_BCD2UpperCh_bcd
0x04A2	0xDF0B      	RCALL       _BCD2UpperCh
0x04A4	0xF02DC000  	MOVFF       R0, _time+6
;RTC.c,137 :: 		time[7] = BCD2LowerCh(second);
0x04A8	0xF05FC048  	MOVFF       _second, FARG_BCD2LowerCh_bcd
0x04AC	0xDF13      	RCALL       _BCD2LowerCh
0x04AE	0xF02EC000  	MOVFF       R0, _time+7
;RTC.c,139 :: 		date[0] = BCD2UpperCh(day);
0x04B2	0xF05FC042  	MOVFF       _day, FARG_BCD2UpperCh_bcd
0x04B6	0xDF01      	RCALL       _BCD2UpperCh
0x04B8	0xF033C000  	MOVFF       R0, _date
;RTC.c,140 :: 		date[1] = BCD2LowerCh(day);
0x04BC	0xF05FC042  	MOVFF       _day, FARG_BCD2LowerCh_bcd
0x04C0	0xDF09      	RCALL       _BCD2LowerCh
0x04C2	0xF034C000  	MOVFF       R0, _date+1
;RTC.c,141 :: 		date[3] = BCD2UpperCh(month);
0x04C6	0xF05FC05D  	MOVFF       _month, FARG_BCD2UpperCh_bcd
0x04CA	0xDEF7      	RCALL       _BCD2UpperCh
0x04CC	0xF036C000  	MOVFF       R0, _date+3
;RTC.c,142 :: 		date[4] = BCD2LowerCh(month);
0x04D0	0xF05FC05D  	MOVFF       _month, FARG_BCD2LowerCh_bcd
0x04D4	0xDEFF      	RCALL       _BCD2LowerCh
0x04D6	0xF037C000  	MOVFF       R0, _date+4
;RTC.c,143 :: 		date[6] = BCD2UpperCh(year);
0x04DA	0xF05FC05B  	MOVFF       _year, FARG_BCD2UpperCh_bcd
0x04DE	0xDEED      	RCALL       _BCD2UpperCh
0x04E0	0xF039C000  	MOVFF       R0, _date+6
;RTC.c,144 :: 		date[7] = BCD2LowerCh(year);
0x04E4	0xF05FC05B  	MOVFF       _year, FARG_BCD2LowerCh_bcd
0x04E8	0xDEF5      	RCALL       _BCD2LowerCh
0x04EA	0xF03AC000  	MOVFF       R0, _date+7
;RTC.c,146 :: 		if(ap)
0x04EE	0x5040      	MOVF        _ap, 0 
0x04F0	0x1041      	IORWF       _ap+1, 0 
0x04F2	0xE005      	BZ          L_main4
;RTC.c,148 :: 		time[9] = 'P';
0x04F4	0x0E50      	MOVLW       80
0x04F6	0x6E30      	MOVWF       _time+9 
;RTC.c,149 :: 		time[10] = 'M';
0x04F8	0x0E4D      	MOVLW       77
0x04FA	0x6E31      	MOVWF       _time+10 
;RTC.c,150 :: 		}
0x04FC	0xD004      	BRA         L_main5
L_main4:
;RTC.c,153 :: 		time[9] = 'A';
0x04FE	0x0E41      	MOVLW       65
0x0500	0x6E30      	MOVWF       _time+9 
;RTC.c,154 :: 		time[10] = 'M';
0x0502	0x0E4D      	MOVLW       77
0x0504	0x6E31      	MOVWF       _time+10 
;RTC.c,155 :: 		}
L_main5:
;RTC.c,156 :: 		UART1_Write_Text(time);
0x0506	0x0E27      	MOVLW       _time
0x0508	0x6E5F      	MOVWF       FARG_UART1_Write_Text_uart_text 
0x050A	0x0E00      	MOVLW       hi_addr(_time)
0x050C	0x6E60      	MOVWF       FARG_UART1_Write_Text_uart_text+1 
0x050E	0xDF26      	RCALL       _UART1_Write_Text
;RTC.c,157 :: 		UART1_Write(10);
0x0510	0x0E0A      	MOVLW       10
0x0512	0x6E64      	MOVWF       FARG_UART1_Write_data_ 
0x0514	0xDDF2      	RCALL       _UART1_Write
;RTC.c,158 :: 		UART1_Write(13);
0x0516	0x0E0D      	MOVLW       13
0x0518	0x6E64      	MOVWF       FARG_UART1_Write_data_ 
0x051A	0xDDEF      	RCALL       _UART1_Write
;RTC.c,159 :: 		delay_ms(1000);
0x051C	0x0E06      	MOVLW       6
0x051E	0x6E0B      	MOVWF       R11, 0
0x0520	0x0E13      	MOVLW       19
0x0522	0x6E0C      	MOVWF       R12, 0
0x0524	0x0EAD      	MOVLW       173
0x0526	0x6E0D      	MOVWF       R13, 0
L_main6:
0x0528	0x2E0D      	DECFSZ      R13, 1, 0
0x052A	0xD7FE      	BRA         L_main6
0x052C	0x2E0C      	DECFSZ      R12, 1, 0
0x052E	0xD7FC      	BRA         L_main6
0x0530	0x2E0B      	DECFSZ      R11, 1, 0
0x0532	0xD7FA      	BRA         L_main6
0x0534	0x0000      	NOP
0x0536	0x0000      	NOP
;RTC.c,160 :: 		Lcd_out(1, 6, time);
0x0538	0x0E01      	MOVLW       1
0x053A	0x6E5F      	MOVWF       FARG_Lcd_Out_row 
0x053C	0x0E06      	MOVLW       6
0x053E	0x6E60      	MOVWF       FARG_Lcd_Out_column 
0x0540	0x0E27      	MOVLW       _time
0x0542	0x6E61      	MOVWF       FARG_Lcd_Out_text 
0x0544	0x0E00      	MOVLW       hi_addr(_time)
0x0546	0x6E62      	MOVWF       FARG_Lcd_Out_text+1 
0x0548	0xDE30      	RCALL       _Lcd_Out
;RTC.c,161 :: 		Lcd_out(2, 6, date);
0x054A	0x0E02      	MOVLW       2
0x054C	0x6E5F      	MOVWF       FARG_Lcd_Out_row 
0x054E	0x0E06      	MOVLW       6
0x0550	0x6E60      	MOVWF       FARG_Lcd_Out_column 
0x0552	0x0E33      	MOVLW       _date
0x0554	0x6E61      	MOVWF       FARG_Lcd_Out_text 
0x0556	0x0E00      	MOVLW       hi_addr(_date)
0x0558	0x6E62      	MOVWF       FARG_Lcd_Out_text+1 
0x055A	0xDE27      	RCALL       _Lcd_Out
;RTC.c,162 :: 		}
0x055C	0xD74E      	BRA         L_main1
;RTC.c,163 :: 		}
L_end_main:
0x055E	0xD7FF      	BRA         $+0
; end of _main
0x0588	0xF015EE10  	LFSR        1, 21
0x058C	0x0E27      	MOVLW       39
0x058E	0x6E00      	MOVWF       R0 
0x0590	0x0E01      	MOVLW       1
0x0592	0x6E01      	MOVWF       R1 
0x0594	0x0E60      	MOVLW       96
0x0596	0x6EF6      	MOVWF       4086 
0x0598	0x0E05      	MOVLW       5
0x059A	0x6EF7      	MOVWF       TBLPTRH 
0x059C	0x0E00      	MOVLW       0
0x059E	0x6EF8      	MOVWF       TBLPTRU 
0x05A0	0xF000ECCD  	CALL        410, 0
0x05A4	0x0012      	RETURN      0
;RTC.c,0 :: ?ICS?lstr2_RTC
0x0560	0x6144 ;?ICS?lstr2_RTC+0
0x0562	0x6574 ;?ICS?lstr2_RTC+2
0x0564	0x003A ;?ICS?lstr2_RTC+4
; end of ?ICS?lstr2_RTC
;RTC.c,0 :: ?ICS?lstr1_RTC
0x0566	0x6954 ;?ICS?lstr1_RTC+0
0x0568	0x656D ;?ICS?lstr1_RTC+2
0x056A	0x003A ;?ICS?lstr1_RTC+4
; end of ?ICS?lstr1_RTC
;RTC.c,0 :: ?ICS?lstr3_RTC
0x056C	0x7453 ;?ICS?lstr3_RTC+0
0x056E	0x7261 ;?ICS?lstr3_RTC+2
0x0570	0x0074 ;?ICS?lstr3_RTC+4
; end of ?ICS?lstr3_RTC
;RTC.c,0 :: ?ICS_time
0x0572	0x3030 ;?ICS_time+0
0x0574	0x303A ;?ICS_time+2
0x0576	0x3A30 ;?ICS_time+4
0x0578	0x3030 ;?ICS_time+6
0x057A	0x5020 ;?ICS_time+8
0x057C	0x004D ;?ICS_time+10
; end of ?ICS_time
;RTC.c,0 :: ?ICS_date
0x057E	0x3030 ;?ICS_date+0
0x0580	0x302D ;?ICS_date+2
0x0582	0x2D30 ;?ICS_date+4
0x0584	0x3030 ;?ICS_date+6
0x0586	0x00 ;?ICS_date+8
; end of ?ICS_date
Symbol List:
//** Routines locations **
//ADDRESS    SIZE    PROCEDURE
//----------------------------------------------
0x001C      [18]    _Delay_5500us
0x002E       [4]    _Delay_1us
0x0032      [12]    _Delay_50us
0x003E      [26]    _I2C1_Is_Idle
0x0058     [124]    _Lcd_Cmd
0x00D4      [34]    _I2C1_Wr
0x00F6       [4]    _I2C1_Stop
0x00FA      [14]    _UART1_Write
0x0108      [10]    _I2C1_Repeated_Start
0x0112      [60]    _I2C1_Start
0x014E      [42]    _I2C1_Rd
0x0178      [12]    _Lcd_Chr_CP
0x0184      [22]    _I2C1_Init
0x019A      [16]    ___CC2DW
0x01AA     [122]    _Lcd_Out
0x0224     [150]    _Lcd_Init
0x02BA      [26]    _BCD2UpperCh
0x02D4      [12]    _BCD2LowerCh
0x02E0      [38]    _read_ds1307
0x0306      [86]    _UART1_Init
0x035C      [48]    _UART1_Write_Text
0x038C     [468]    _main
//** Variables locations ** 
//ADDRESS    SIZE    VARIABLE
//----------------------------------------------
0x0000       [1]    R0
0x0000       [1]    EEPROM_Write_SaveINTCON_L0
0x0000       [1]    FLASH_Erase_64_SaveINTCON_L0
0x0000       [1]    __Lib_SoftI2C_PutZerosToLATSda_temp_sda_L0
0x0000       [1]    UART1_Init_tmp_L0
0x0000       [1]    SPI1_Write_tmp_L0
0x0000       [1]    __Lib_SoftI2C_PutZerosToLATScl_temp_scl_L0
0x0001       [2]    FLASH_Read_N_Bytes_i_L0
0x0001       [1]    ispunct_rslt_L0
0x0001       [1]    __Lib_PS2_Wait_Falling_nsample_L0
0x0001       [1]    FLASH_Erase_Write_64_i_L0
0x0001       [1]    FLASH_Write_8_i_L0
0x0001       [1]    UART1_Read___tmp_UART1_Read_L0
0x0001       [1]    R1
0x0001       [1]    I2C1_Rd_tmp_L0
0x0002       [2]    memchr_s_L0
0x0002       [2]    strlen_cp_L0
0x0002       [1]    R2
0x0002       [1]    FLASH_Write_8_SaveINTCON_L0
0x0002       [2]    memcpy_dd_L0
0x0002       [2]    memset_pp_L0
0x0002       [1]    FLASH_Erase_Write_64_j_L0
0x0003       [2]    MM_TotalFreeMemSize_Tot_L0
0x0003       [2]    memmove_tt_L0
0x0003       [1]    MM_Init_i_L0
0x0003       [1]    FLASH_Erase_Write_64_SaveINTCON_L0
0x0003       [2]    Ltrim_original_L0
0x0003       [2]    __Lib_MmcFat16_f16_toInt_l_L0
0x0003       [1]    R3
0x0004       [2]    frexp_pom_L0
0x0004       [1]    R4
0x0004       [2]    strncat_cp_L0
0x0004       [2]    strncpy_cp_L0
0x0004       [2]    memcpy_ss_L0
0x0004       [2]    __Lib_MemManager_MM_GetMemAlign_P_L0
0x0004       [2]    strcpy_cp_L0
0x0004       [2]    strcat_cp_L0
0x0005       [2]    memmove_ff_L0
0x0005       [2]    LongIntToHex_input_half_L0
0x0005       [2]    LongWordToHex_input_half_L0
0x0005       [2]    Ltrim_p_L0
0x0005       [1]    MM_TotalFreeMemSize_i_L0
0x0005       [1]    R5
0x0006       [1]    R6
0x0006       [1]    __Lib_MemManager_MM_GetMemAlign_i_L0
0x0007       [1]    R7
0x0008       [1]    R8
0x0009       [1]    R9
0x0009       [4]    __Lib_MmcFat16_f16_toLong_l_L0
0x000A       [1]    R10
0x000B       [1]    R11
0x000C       [1]    R12
0x000D       [1]    R13
0x000E       [1]    R14
0x000F       [1]    R15
0x0010       [1]    R16
0x0011       [1]    R17
0x0012       [1]    R18
0x0013       [1]    R19
0x0014       [1]    R20
0x0015       [6]    ?lstr2_RTC
0x001B       [6]    ?lstr1_RTC
0x0021       [6]    ?lstr3_RTC
0x0027      [12]    _time
0x0033       [9]    _date
0x003C       [2]    _hr
0x003E       [2]    _hour
0x0040       [2]    _ap
0x0042       [2]    _day
0x0044       [2]    _dday
0x0046       [2]    _minute
0x0048       [2]    _second
0x004A       [4]    _UART_Wr_Ptr
0x004E       [0]    __Lib_Lcd_cmd_status
0x004F       [4]    _UART_Rd_Ptr
0x0053       [4]    _UART_Tx_Idle_Ptr
0x0057       [4]    _UART_Rdy_Ptr
0x005B       [2]    _year
0x005D       [2]    _month
0x005F       [1]    FARG_Lcd_Out_row
0x005F       [4]    FARG_I2C1_Init_clock
0x005F       [1]    FARG_read_ds1307_address
0x005F       [2]    FARG_UART1_Write_Text_uart_text
0x005F       [1]    FARG_BCD2UpperCh_bcd
0x005F       [1]    FARG_BCD2LowerCh_bcd
0x0060       [1]    FARG_Lcd_Out_column
0x0060       [1]    read_ds1307_r_data_L0
0x0061       [1]    UART1_Write_Text_data__L0
0x0061       [2]    FARG_Lcd_Out_text
0x0062       [1]    UART1_Write_Text_counter_L0
0x0063       [1]    Lcd_Out_i_L0
0x0064       [1]    FARG_I2C1_Wr_data_
0x0064       [1]    FARG_Lcd_Chr_CP_out_char
0x0064       [1]    FARG_UART1_Write_data_
0x0064       [1]    FARG_I2C1_Rd_ack
0x0064       [2]    I2C1_Start_j_L0
0x0066       [1]    FARG_Lcd_Cmd_out_char
0x0F80       [1]    PORTA
0x0F81       [0]    LCD_D7
0x0F81       [0]    LCD_RS
0x0F81       [0]    LCD_D6
0x0F81       [0]    RB2_bit
0x0F81       [0]    RB7_bit
0x0F81       [0]    LCD_EN
0x0F81       [0]    RB5_bit
0x0F81       [0]    LCD_D4
0x0F81       [0]    RB4_bit
0x0F81       [0]    LCD_D5
0x0F81       [0]    RB6_bit
0x0F81       [0]    RB3_bit
0x0F8B       [0]    LATC3_bit
0x0F8B       [0]    LATC4_bit
0x0F92       [1]    TRISA
0x0F93       [0]    TRISB2_bit
0x0F93       [0]    LCD_D7_Direction
0x0F93       [0]    LCD_EN_Direction
0x0F93       [0]    LCD_D6_Direction
0x0F93       [0]    TRISB6_bit
0x0F93       [0]    LCD_RS_Direction
0x0F93       [0]    TRISB7_bit
0x0F93       [0]    LCD_D5_Direction
0x0F93       [0]    LCD_D4_Direction
0x0F93       [0]    TRISB3_bit
0x0F93       [0]    TRISB5_bit
0x0F93       [0]    TRISB4_bit
0x0F94       [0]    TRISC4_bit
0x0F94       [0]    TRISC3_bit
0x0F94       [0]    TRISC7_bit
0x0F94       [0]    TRISC6_bit
0x0F9E       [1]    PIR1
0x0FAB       [1]    RCSTA
0x0FAC       [1]    TXSTA
0x0FAD       [1]    TXREG
0x0FAE       [1]    RCREG
0x0FAF       [1]    SPBRG
0x0FC1       [1]    ADCON1
0x0FC5       [1]    SSPCON2
0x0FC6       [1]    SSPCON1
0x0FC7       [1]    SSPSTAT
0x0FC8       [1]    SSPADD
0x0FC9       [1]    SSPBUF
0x0FD8       [1]    STATUS
0x0FD9       [1]    FSR2L
0x0FDA       [1]    FSR2H
0x0FDE       [1]    POSTINC2
0x0FE0       [1]    BSR
0x0FE1       [1]    FSR1L
0x0FE2       [1]    FSR1H
0x0FE4       [1]    PREINC1
0x0FE6       [1]    POSTINC1
0x0FE7       [1]    INDF1
0x0FE8       [1]    WREG
0x0FE9       [1]    FSR0L
0x0FEA       [1]    FSR0H
0x0FEE       [1]    POSTINC0
0x0FF3       [1]    PRODL
0x0FF4       [1]    PRODH
0x0FF5       [1]    TABLAT
0x0FF6       [1]    TBLPTRL
0x0FF7       [1]    TBLPTRH
0x0FF8       [1]    TBLPTRU
//** Constants locations ** 
//ADDRESS    SIZE    CONSTANT
//----------------------------------------------
0x0560       [6]    ?ICS?lstr2_RTC
0x0566       [6]    ?ICS?lstr1_RTC
0x056C       [6]    ?ICS?lstr3_RTC
0x0572      [12]    ?ICS_time
0x057E       [9]    ?ICS_date
//** Label List: ** 
//----------------------------------------------
  L_main0
  L_main1
  L_main2
  L_main3
  L_main4
  L_main5
  L_main6
  L_end_read_ds1307
  _read_ds1307
  L_end_write_ds1307
  _write_ds1307
  L_end_BCD2UpperCh
  _BCD2UpperCh
  L_end_BCD2LowerCh
  _BCD2LowerCh
  L_end_Binary2BCD
  _Binary2BCD
  L__Binary2BCD12
  L__Binary2BCD13
  L_end_BCD2Binary
  _BCD2Binary
  L__BCD2Binary15
  L__BCD2Binary16
  L_end_main
  _main
  L_Delay_10us0
  L_Delay_22us1
  L_Delay_50us2
  L_Delay_80us3
  L_Delay_500us4
  L_Delay_5500us5
  L_Delay_1ms6
  L_Delay_5ms7
  L_Delay_8ms8
  L_Delay_100ms9
  L_Delay_10ms10
  L_Delay_1sec11
  L____Boot_Delay4k12
  L____Boot_Delay8k13
  L____Boot_Delay12k14
  L____Boot_Delay16k15
  L____Boot_Delay24k16
  L____Boot_Delay32k17
  L____Boot_Delay48k18
  L____Boot_Delay64k19
  L____Boot_Delay128k20
  L_Delay_Cyc21
  L_Delay_Cyc22
  L_VDelay_ms23
  L_VDelay_ms24
  L_VDelay_ms25
  L_VDelay_Advanced_ms26
  L_VDelay_Advanced_ms27
  L_VDelay_Advanced_ms28
  L_end_Get_Fosc_kHz
  _Get_Fosc_kHz
  L_end_Delay_1us
  _Delay_1us
  L_end_Delay_10us
  _Delay_10us
  L_end_Delay_22us
  _Delay_22us
  L_end_Delay_50us
  _Delay_50us
  L_end_Delay_80us
  _Delay_80us
  L_end_Delay_500us
  _Delay_500us
  L_end_Delay_5500us
  _Delay_5500us
  L_end_Delay_1ms
  _Delay_1ms
  L_end_Delay_5ms
  _Delay_5ms
  L_end_Delay_8ms
  _Delay_8ms
  L_end_Delay_100ms
  _Delay_100ms
  L_end_Delay_10ms
  _Delay_10ms
  L_end_Delay_1sec
  _Delay_1sec
  L_end____Boot_Delay4k
  ____Boot_Delay4k
  L_end____Boot_Delay8k
  ____Boot_Delay8k
  L_end____Boot_Delay12k
  ____Boot_Delay12k
  L_end____Boot_Delay16k
  ____Boot_Delay16k
  L_end____Boot_Delay24k
  ____Boot_Delay24k
  L_end____Boot_Delay32k
  ____Boot_Delay32k
  L_end____Boot_Delay48k
  ____Boot_Delay48k
  L_end____Boot_Delay64k
  ____Boot_Delay64k
  L_end____Boot_Delay128k
  ____Boot_Delay128k
  L_end_Delay_Cyc
  _Delay_Cyc
  L_end_VDelay_ms
  _VDelay_ms
  L__VDelay_ms54
  L__VDelay_ms55
  L__VDelay_ms56
  L_end_VDelay_Advanced_ms
  _VDelay_Advanced_ms
  L__VDelay_Advanced_ms58
  L__VDelay_Advanced_ms59
  L__VDelay_Advanced_ms60
  L_I2C1_Is_Idle0
  L_I2C1_Is_Idle1
  L_I2C1_Start2
  L_I2C1_Start3
  L_I2C1_Start4
  L_I2C1_Start5
  L_I2C1_Start6
  L_I2C1_Start7
  L_I2C1_Start8
  L_I2C1_Start9
  L_I2C1_Repeated_Start10
  L_I2C1_Repeated_Start11
  L_I2C1_Rd12
  L_I2C1_Rd13
  L_I2C1_Rd14
  L_I2C1_Rd15
  L_I2C1_Rd16
  L_I2C1_Rd17
  L_I2C1_Wr18
  L_I2C1_Wr19
  L_I2C1_Wr20
  L_I2C1_Wr21
  L_I2C1_Wr22
  L_I2C1_Wr23
  L_end_I2C1_Init
  _I2C1_Init
  L_end_I2C1_Is_Idle
  _I2C1_Is_Idle
  L_end_I2C1_Start
  _I2C1_Start
  L__I2C1_Start27
  L__I2C1_Start28
  L_end_I2C1_Repeated_Start
  _I2C1_Repeated_Start
  L_end_I2C1_Rd
  _I2C1_Rd
  L_end_I2C1_Wr
  _I2C1_Wr
  L_end_I2C1_Stop
  _I2C1_Stop
  L_Lcd_Cmd0
  L_Lcd_Cmd1
  L_Lcd_Out_CP2
  L_Lcd_Out_CP3
  L_Lcd_Chr4
  L_Lcd_Chr5
  L_Lcd_Chr6
  L_Lcd_Chr7
  L_Lcd_Chr8
  L_Lcd_Chr9
  L_Lcd_Chr10
  L_Lcd_Out11
  L_Lcd_Out12
  L_Lcd_Out13
  L_Lcd_Out14
  L_Lcd_Out15
  L_Lcd_Out16
  L_Lcd_Out17
  L_Lcd_Out18
  L_Lcd_Out19
  L_end_Lcd_Cmd
  _Lcd_Cmd
  L__Lcd_Cmd21
  L__Lcd_Cmd22
  L__Lcd_Cmd23
  L__Lcd_Cmd24
  L__Lcd_Cmd25
  L__Lcd_Cmd26
  L__Lcd_Cmd27
  L__Lcd_Cmd28
  L__Lcd_Cmd29
  L__Lcd_Cmd30
  L__Lcd_Cmd31
  L__Lcd_Cmd32
  L__Lcd_Cmd33
  L__Lcd_Cmd34
  L__Lcd_Cmd35
  L__Lcd_Cmd36
  L__Lcd_Cmd37
  L__Lcd_Cmd38
  L__Lcd_Cmd39
  L__Lcd_Cmd40
  L_end_Lcd_Chr_CP
  _Lcd_Chr_CP
  L_end_Lcd_Out_CP
  _Lcd_Out_CP
  L_end_Lcd_Chr
  _Lcd_Chr
  L_end_Lcd_Init
  _Lcd_Init
  L_end_Lcd_Out
  _Lcd_Out
  _CC2D_Loop1
  _CC2DL_Loop1
  L_loopCA2AWs
  L_loopCCA2AWs
  L_loopCS2Ss
  L_CS2Send
  L_loopCCS2Ss
  L_CCS2Send
  L_loopFZinSWs
  L_longjmp7
  L_end___CC2D
  ___CC2D
  L_end___CC2DW
  ___CC2DW
  L_end___CA2AW
  ___CA2AW
  L_end___CCA2AW
  ___CCA2AW
  L_end___CS2S
  ___CS2S
  L_end___CCS2S
  ___CCS2S
  L_end___FZinS
  ___FZinS
  L_end_____DoIFC
  _____DoIFC
  L_end_Swap
  _Swap
  L_end_setjmp
  _setjmp
  L_end_longjmp
  _longjmp
  L_UART1_Init0
  L_UART1_Init1
  L_UART1_Read2
  L_UART1_Write3
  L_UART1_Write4
  L_UART1_Write_Text5
  L_UART1_Write_Text6
  L_UART1_Read_Text7
  L_UART1_Read_Text8
  L_UART1_Read_Text9
  L_UART1_Read_Text10
  L_UART1_Read_Text11
  L_UART1_Read_Text12
  L_UART1_Read_Text13
  L_UART1_Read_Text14
  L_UART1_Read_Text15
  L_UART_Write_Text16
  L_UART_Write_Text17
  L_UART_Read_Text18
  L_UART_Read_Text19
  L_UART_Read_Text20
  L_UART_Read_Text21
  L_UART_Read_Text22
  L_UART_Read_Text23
  L_UART_Read_Text24
  L_UART_Read_Text25
  L_UART_Read_Text26
  L_end_UART1_Init
  _UART1_Init
  L_end_UART1_Data_Ready
  _UART1_Data_Ready
  L_end_UART1_Read
  _UART1_Read
  L_end_UART1_Tx_Idle
  _UART1_Tx_Idle
  L_end_UART1_Write
  _UART1_Write
  L_end_UART1_Write_Text
  _UART1_Write_Text
  L_end_UART1_Read_Text
  _UART1_Read_Text
  L_end_UART_Set_Active
  _UART_Set_Active
  L_end_UART_Write
  _UART_Write
  L_end_UART_Write_Text
  _UART_Write_Text
  L_end_UART_Read
  _UART_Read
  L_end_UART_Data_Ready
  _UART_Data_Ready
  L_end_UART_Read_Text
  _UART_Read_Text
  L_end_UART_Tx_Idle
  _UART_Tx_Idle
